[Fri Sep 27 14:54:57 2019] start app!
[Fri Sep 27 14:55:16 2019] start app!
[Fri Sep 27 15:00:15 2019] start app!
[Fri Sep 27 15:00:15 2019] success start
[Fri Sep 27 15:09:51 2019] start app!
[Fri Sep 27 15:09:51 2019] success start
[Fri Sep 27 15:12:19 2019] ^\s*i(nfodw)?\s*$
[Fri Sep 27 15:12:19 2019] success start
[Fri Sep 27 15:16:07 2019] start_app
[Fri Sep 27 15:16:07 2019] success start
[Fri Sep 27 15:16:19 2019] start_app
[Fri Sep 27 15:16:19 2019] success start
[Fri Sep 27 15:16:23 2019] start_app
[Fri Sep 27 15:16:24 2019] success start
[Fri Sep 27 15:17:01 2019] start_app
[Fri Sep 27 15:17:02 2019] success start
[Fri Sep 27 15:18:11 2019] start_app
[Fri Sep 27 15:18:11 2019] success start
[Fri Sep 27 15:19:16 2019] start_app
[Fri Sep 27 15:19:16 2019] success start
[Fri Sep 27 15:19:56 2019] start_app
[Fri Sep 27 15:19:56 2019] success start
[Fri Sep 27 15:20:03 2019] start_app
[Fri Sep 27 15:20:03 2019] success start
[Fri Sep 27 15:21:11 2019] start_app
[Fri Sep 27 15:21:11 2019] success start
[Fri Sep 27 15:21:32 2019] 0
[Fri Sep 27 15:21:32 2019] success start
[Fri Sep 27 15:21:49 2019] start_app
[Fri Sep 27 15:21:49 2019] success start
[Fri Sep 27 15:23:33 2019] start_app
[Fri Sep 27 15:23:33 2019] success start
[Fri Sep 27 15:23:40 2019] start_app
[Fri Sep 27 15:23:41 2019] success start
[Sat Sep 28 15:42:03 2019] start_app
[Sat Sep 28 15:42:03 2019] success start
[Sat Sep 28 15:42:04 2019] start_app
[Sat Sep 28 15:42:04 2019] success start
[Sat Sep 28 15:46:34 2019] start_app
[Sat Sep 28 15:46:34 2019] success start
